00> SEGGER J-Link V6.30h - Real time terminal output
00> SEGGER J-Link ARM V9.5, SN=29534585
00> Process: UV4.exe
00> Heat OFF
00> Heat ON
00> Calc time: 65
00> Time: 0
00> Time: 1
00> Setpoint temperature: 920
00> Real temperature: 342
00> Speed temperature: 0
00> Time: 2
00> Setpoint temperature: 920
00> Real temperature: 342
00> Speed temperature: 0
00> Time: 3
00> Setpoint temperature: 920
00> Real temperature: 342
00> Speed temperature: 42
00> Time: 4
00> Setpoint temperature: 920
00> Real temperature: 342
00> Speed temperature: 0
00> Time: 5
00> Setpoint temperature: 920
00> Real temperature: 342
00> Speed temperature: 0
00> Time: 6
00> Setpoint temperature: 920
00> Real temperature: 343
00> Speed temperature: 0
00> Time: 7
00> Setpoint temperature: 920
00> Real temperature: 343
00> Speed temperature: 0
00> Time: 8
00> Setpoint temperature: 920
00> Real temperature: 343
00> Speed temperature: 0
00> Time: 9
00> Setpoint temperature: 920
00> Real temperature: 343
00> Speed temperature: 0
00> Time: 10
00> Setpoint temperature: 920
00> Real temperature: 343
00> Speed temperature: 0
00> Time: 11
00> Setpoint temperature: 920
00> Real temperature: 343
00> Speed temperature: 0
00> Time: 12
00> Setpoint temperature: 920
00> Real temperature: 343
00> Speed temperature: 0
00> Time: 13
00> Setpoint temperature: 920
00> Real temperature: 343
00> Speed temperature: 0
00> Time: 14
00> Setpoint temperature: 920
00> Real temperature: 343
00> Speed temperature: 0
00> Time: 15
00> Setpoint temperature: 920
00> Real temperature: 342
00> Speed temperature: 0
00> Time: 16
00> Setpoint temperature: 920
00> Real temperature: 342
00> Speed temperature: 0
00> Time: 17
00> Setpoint temperature: 920
00> Real temperature: 342
00> Speed temperature: 0
00> Time: 18
00> Setpoint temperature: 920
00> Real temperature: 341
00> Speed temperature: 0
00> Time: 19
00> Setpoint temperature: 920
00> Real temperature: 340
00> Speed temperature: 0
00> Time: 20
00> Setpoint temperature: 920
00> Real temperature: 359
00> Speed temperature: 0
00> Time: 21
00> Setpoint temperature: 920
00> Real temperature: 358
00> Speed temperature: 0
00> Time: 22
00> Setpoint temperature: 920
00> Real temperature: 355
00> Speed temperature: 0
00> Time: 23
00> Setpoint temperature: 920
00> Real temperature: 352
00> Speed temperature: 0
00> Time: 24
00> Setpoint temperature: 920
00> Real temperature: 369
00> Speed temperature: 0
00> Time: 25
00> Setpoint temperature: 920
00> Real temperature: 366
00> Speed temperature: 0
00> Time: 26
00> Setpoint temperature: 920
00> Real temperature: 363
00> Speed temperature: 0
00> Time: 27
00> Setpoint temperature: 920
00> Real temperature: 361
00> Speed temperature: 0
00> Time: 28
00> Setpoint temperature: 920
00> Real temperature: 378
00> Speed temperature: 0
00> Time: 29
00> Setpoint temperature: 920
00> Real temperature: 376
00> Speed temperature: 0
00> Time: 30
00> Setpoint temperature: 920
00> Real temperature: 373
00> Speed temperature: 0
00> Time: 31
00> Setpoint temperature: 920
00> Real temperature: 371
00> Speed temperature: 0
00> Time: 32
00> Setpoint temperature: 920
00> Real temperature: 375
00> Speed temperature: 0
00> Time: 33
00> Setpoint temperature: 920
00> Real temperature: 387
00> Speed temperature: 0
00> Time: 34
00> Setpoint temperature: 920
00> Real temperature: 385
00> Speed temperature: 0
00> Time: 35
00> Setpoint temperature: 920
00> Real temperature: 382
00> Speed temperature: 0
00> Time: 36
00> Setpoint temperature: 920
00> Real temperature: 380
00> Speed temperature: 0
00> Time: 37
00> Setpoint temperature: 920
00> Real temperature: 397
00> Speed temperature: 1
00> Time: 38
00> Setpoint temperature: 920
00> Real temperature: 395
00> Speed temperature: 1
00> Time: 39
00> Setpoint temperature: 920
00> Real temperature: 392
00> Speed temperature: 1
00> Time: 40
00> Setpoint temperature: 920
00> Real temperature: 409
00> Speed temperature: 1
00> Time: 41
00> Setpoint temperature: 920
00> Real temperature: 406
00> Speed temperature: 1
00> Time: 42
00> Setpoint temperature: 920
00> Real temperature: 403
00> Speed temperature: 1
00> Time: 43
00> Setpoint temperature: 920
00> Real temperature: 400
00> Speed temperature: 1
00> Time: 44
00> Setpoint temperature: 920
00> Real temperature: 417
00> Speed temperature: 1
00> Time: 45
00> Setpoint temperature: 920
00> Real temperature: 414
00> Speed temperature: 1
00> Time: 46
00> Setpoint temperature: 920
00> Real temperature: 411
00> Speed temperature: 1
00> Time: 47
00> Setpoint temperature: 920
00> Real temperature: 429
00> Speed temperature: 2
00> Time: 48
00> Setpoint temperature: 920
00> Real temperature: 425
00> Speed temperature: 2
00> Time: 49
00> Setpoint temperature: 920
00> Real temperature: 422
00> Speed temperature: 2
00> Time: 50
00> Setpoint temperature: 920
00> Real temperature: 438
00> Speed temperature: 2
00> Time: 51
00> Setpoint temperature: 920
00> Real temperature: 435
00> Speed temperature: 2
00> Time: 52
00> Setpoint temperature: 920
00> Real temperature: 431
00> Speed temperature: 2
00> Time: 53
00> Setpoint temperature: 920
00> Real temperature: 448
00> Speed temperature: 2
00> Time: 54
00> Setpoint temperature: 920
00> Real temperature: 444
00> Speed temperature: 2
00> Time: 55
00> Setpoint temperature: 920
00> Real temperature: 441
00> Speed temperature: 2
00> Time: 56
00> Setpoint temperature: 920
00> Real temperature: 458
00> Speed temperature: 2
00> Time: 57
00> Setpoint temperature: 920
00> Real temperature: 455
00> Speed temperature: 2
00> Time: 58
00> Setpoint temperature: 920
00> Real temperature: 452
00> Speed temperature: 2
00> Time: 59
00> Setpoint temperature: 920
00> Real temperature: 469
00> Speed temperature: 3
00> Time: 60
00> Setpoint temperature: 920
00> Real temperature: 466
00> Speed temperature: 3
00> Time: 61
00> Setpoint temperature: 920
00> Real temperature: 462
00> Speed temperature: 3
00> Time: 62
00> Setpoint temperature: 920
00> Real temperature: 479
00> Speed temperature: 3
00> Time: 63
00> Setpoint temperature: 920
00> Real temperature: 476
00> Speed temperature: 3
00> Time: 64
00> Setpoint temperature: 920
00> Real temperature: 472
00> Speed temperature: 3
00> Heat OFF
(Connection lost)
00> SEGGER J-Link V6.30h - Real time terminal output
00> SEGGER J-Link ARM V9.5, SN=29534585
00> Process: UV4.exe
00> Heat OFF
00> Heat ON
00> Calc time: 99
00> Time: 0
00> Time: 1
00> Setpoint temperature: 920
00> Real temperature: 541
00> Speed temperature: 69
00> Time: 2
00> Setpoint temperature: 920
00> Real temperature: 541
00> Speed temperature: 69
00> Time: 3
00> Setpoint temperature: 920
00> Real temperature: 541
00> Speed temperature: 69
00> Time: 4
00> Setpoint temperature: 920
00> Real temperature: 541
00> Speed temperature: 69
00> Time: 5
00> Setpoint temperature: 920
00> Real temperature: 541
00> Speed temperature: 69
00> Time: 6
00> Setpoint temperature: 920
00> Real temperature: 541
00> Speed temperature: 69
00> Time: 7
00> Setpoint temperature: 920
00> Real temperature: 541
00> Speed temperature: 69
00> Time: 8
00> Setpoint temperature: 920
00> Real temperature: 542
00> Speed temperature: 0
00> Time: 9
00> Setpoint temperature: 920
00> Real temperature: 542
00> Speed temperature: 0
00> Time: 10
00> Setpoint temperature: 920
00> Real temperature: 542
00> Speed temperature: 0
00> Time: 11
00> Setpoint temperature: 920
00> Real temperature: 542
00> Speed temperature: 0
00> Time: 12
00> Setpoint temperature: 920
00> Real temperature: 542
00> Speed temperature: 0
00> Time: 13
00> Setpoint temperature: 920
00> Real temperature: 541
00> Speed temperature: 0
00> Time: 14
00> Setpoint temperature: 920
00> Real temperature: 541
00> Speed temperature: 0
00> Time: 15
00> Setpoint temperature: 920
00> Real temperature: 541
00> Speed temperature: 0
00> Time: 16
00> Setpoint temperature: 920
00> Real temperature: 540
00> Speed temperature: 0
00> Time: 17
00> Setpoint temperature: 920
00> Real temperature: 524
00> Speed temperature: 0
00> Time: 18
00> Setpoint temperature: 920
00> Real temperature: 559
00> Speed temperature: 0
00> Time: 19
00> Setpoint temperature: 920
00> Real temperature: 558
00> Speed temperature: 0
00> Time: 20
00> Setpoint temperature: 920
00> Real temperature: 557
00> Speed temperature: 0
00> Time: 21
00> Setpoint temperature: 920
00> Real temperature: 555
00> Speed temperature: 0
00> Time: 22
00> Setpoint temperature: 920
00> Real temperature: 553
00> Speed temperature: 0
00> Time: 23
00> Setpoint temperature: 920
00> Real temperature: 550
00> Speed temperature: 0
00> Time: 24
00> Setpoint temperature: 920
00> Real temperature: 568
00> Speed temperature: 0
00> Time: 25
00> Setpoint temperature: 920
00> Real temperature: 565
00> Speed temperature: 0
00> Time: 26
00> Setpoint temperature: 920
00> Real temperature: 562
00> Speed temperature: 0
00> Time: 27
00> Setpoint temperature: 920
00> Real temperature: 579
00> Speed temperature: 0
00> Time: 28
00> Setpoint temperature: 920
00> Real temperature: 576
00> Speed temperature: 0
00> Time: 29
00> Setpoint temperature: 920
00> Real temperature: 573
00> Speed temperature: 0
00> Time: 30
00> Setpoint temperature: 920
00> Real temperature: 525
00> Speed temperature: 0
00> Time: 31
00> Setpoint temperature: 920
00> Real temperature: 586
00> Speed temperature: 0
00> Time: 32
00> Setpoint temperature: 920
00> Real temperature: 584
00> Speed temperature: 0
00> Time: 33
00> Setpoint temperature: 920
00> Real temperature: 581
00> Speed temperature: 0
00> Time: 34
00> Setpoint temperature: 920
00> Real temperature: 599
00> Speed temperature: 1
00> Time: 35
00> Setpoint temperature: 920
00> Real temperature: 596
00> Speed temperature: 1
00> Time: 36
00> Setpoint temperature: 920
00> Real temperature: 593
00> Speed temperature: 1
00> Time: 37
00> Setpoint temperature: 920
00> Real temperature: 590
00> Speed temperature: 1
00> Time: 38
00> Setpoint temperature: 920
00> Real temperature: 608
00> Speed temperature: 1
00> Time: 39
00> Setpoint temperature: 920
00> Real temperature: 605
00> Speed temperature: 1
00> Time: 40
00> Setpoint temperature: 920
00> Real temperature: 602
00> Speed temperature: 1
00> Time: 41
00> Setpoint temperature: 920
00> Real temperature: 619
00> Speed temperature: 2
00> Time: 42
00> Setpoint temperature: 920
00> Real temperature: 616
00> Speed temperature: 2
00> Time: 43
00> Setpoint temperature: 920
00> Real temperature: 613
00> Speed temperature: 2
00> Time: 44
00> Setpoint temperature: 920
00> Real temperature: 615
00> Speed temperature: 2
00> Time: 45
00> Setpoint temperature: 920
00> Real temperature: 626
00> Speed temperature: 2
00> Time: 46
00> Setpoint temperature: 920
00> Real temperature: 623
00> Speed temperature: 2
00> Time: 47
00> Setpoint temperature: 920
00> Real temperature: 639
00> Speed temperature: 2
00> Time: 48
00> Setpoint temperature: 920
00> Real temperature: 636
00> Speed temperature: 2
00> Time: 49
00> Setpoint temperature: 920
00> Real temperature: 632
00> Speed temperature: 2
00> Time: 50
00> Setpoint temperature: 920
00> Real temperature: 649
00> Speed temperature: 2
00> Time: 51
00> Setpoint temperature: 920
00> Real temperature: 645
00> Speed temperature: 2
00> Time: 52
00> Setpoint temperature: 920
00> Real temperature: 642
00> Speed temperature: 2
00> Time: 53
00> Setpoint temperature: 920
00> Real temperature: 658
00> Speed temperature: 2
00> Time: 54
00> Setpoint temperature: 920
00> Real temperature: 655
00> Speed temperature: 2
00> Time: 55
00> Setpoint temperature: 920
00> Real temperature: 651
00> Speed temperature: 2
00> Time: 56
00> Setpoint temperature: 920
00> Real temperature: 668
00> Speed temperature: 3
00> Time: 57
00> Setpoint temperature: 920
00> Real temperature: 665
00> Speed temperature: 3
00> Time: 58
00> Setpoint temperature: 920
00> Real temperature: 662
00> Speed temperature: 3
00> Time: 59
00> Setpoint temperature: 920
00> Real temperature: 679
00> Speed temperature: 3
00> Time: 60
00> Setpoint temperature: 920
00> Real temperature: 676
00> Speed temperature: 3
00> Time: 61
00> Setpoint temperature: 920
00> Real temperature: 673
00> Speed temperature: 3
00> Time: 62
00> Setpoint temperature: 920
00> Real temperature: 654
00> Speed temperature: 3
00> Time: 63
00> Setpoint temperature: 920
00> Real temperature: 685
00> Speed temperature: 2
00> Time: 64
00> Setpoint temperature: 920
00> Real temperature: 681
00> Speed temperature: 2
00> Time: 65
00> Setpoint temperature: 920
00> Real temperature: 698
00> Speed temperature: 3
00> Time: 66
00> Setpoint temperature: 920
00> Real temperature: 693
00> Speed temperature: 3
00> Time: 67
00> Setpoint temperature: 920
00> Real temperature: 709
00> Speed temperature: 3
00> Time: 68
00> Setpoint temperature: 920
00> Real temperature: 705
00> Speed temperature: 3
00> Time: 69
00> Setpoint temperature: 920
00> Real temperature: 702
00> Speed temperature: 3
00> Time: 70
00> Setpoint temperature: 920
00> Real temperature: 718
00> Speed temperature: 3
00> Time: 71
00> Setpoint temperature: 920
00> Real temperature: 714
00> Speed temperature: 3
00> Time: 72
00> Setpoint temperature: 920
00> Real temperature: 711
00> Speed temperature: 3
00> Time: 73
00> Setpoint temperature: 920
00> Real temperature: 727
00> Speed temperature: 3
00> Time: 74
00> Setpoint temperature: 920
00> Real temperature: 724
00> Speed temperature: 3
00> Time: 75
00> Setpoint temperature: 920
00> Real temperature: 721
00> Speed temperature: 3
00> Time: 76
00> Setpoint temperature: 920
00> Real temperature: 738
00> Speed temperature: 3
00> Time: 77
00> Setpoint temperature: 920
00> Real temperature: 735
00> Speed temperature: 3
00> Time: 78
00> Setpoint temperature: 920
00> Real temperature: 732
00> Speed temperature: 3
00> Time: 79
00> Setpoint temperature: 920
00> Real temperature: 748
00> Speed temperature: 3
00> Time: 80
00> Setpoint temperature: 920
00> Real temperature: 744
00> Speed temperature: 3
00> Time: 81
00> Setpoint temperature: 920
00> Real temperature: 745
00> Speed temperature: 3
00> Time: 82
00> Setpoint temperature: 920
00> Real temperature: 755
00> Speed temperature: 3
00> Time: 83
00> Setpoint temperature: 920
00> Real temperature: 751
00> Speed temperature: 3
00> Time: 84
00> Setpoint temperature: 920
00> Real temperature: 767
00> Speed temperature: 3
00> Time: 85
00> Setpoint temperature: 920
00> Real temperature: 763
00> Speed temperature: 3
00> Time: 86
00> Setpoint temperature: 920
00> Real temperature: 765
00> Speed temperature: 3
00> Time: 87
00> Setpoint temperature: 920
00> Real temperature: 777
00> Speed temperature: 3
00> Time: 88
00> Setpoint temperature: 920
00> Real temperature: 773
00> Speed temperature: 3
00> Time: 89
00> Setpoint temperature: 920
00> Real temperature: 771
00> Speed temperature: 3
00> Time: 90
00> Setpoint temperature: 920
00> Real temperature: 788
00> Speed temperature: 3
00> Time: 91
00> Setpoint temperature: 920
00> Real temperature: 785
00> Speed temperature: 3
00> Time: 92
00> Setpoint temperature: 920
00> Real temperature: 782
00> Speed temperature: 3
00> Time: 93
00> Setpoint temperature: 920
00> Real temperature: 799
00> Speed temperature: 3
00> Time: 94
00> Setpoint temperature: 920
00> Real temperature: 795
00> Speed temperature: 3
00> Time: 95
00> Setpoint temperature: 920
00> Real temperature: 792
00> Speed temperature: 3
00> Time: 96
00> Setpoint temperature: 920
00> Real temperature: 808
00> Speed temperature: 3
00> Time: 97
00> Setpoint temperature: 920
00> Real temperature: 804
00> Speed temperature: 3
00> Time: 98
00> Setpoint temperature: 920
00> Real temperature: 800
00> Speed temperature: 3
00> Heat OFF

# Logging stopped @  6 Aug 2024 20:53:55
